<?xml version="1.0" encoding="UTF-8"?>
<!-- Generated by org.testng.reporters.JUnitReportReporter -->
<testsuite skipped="0" hostname="LENSESUK" name="com.argos.testsuite.LoginTest" tests="1" failures="0" timestamp="2020-06-23T18:22:23 BST" time="22.043" errors="0">
  <testcase name="verifyUserShouldLoginAccountSuccessfully" time="22.043" classname="com.argos.testsuite.LoginTest"/>
  <system-out>
Click to see screenshot <a target = "_blank" href=C:\Users\LENSES UK\IdeaProjects\master\cloned project\argos-testNG-RM/test-output/html/verifyUserShouldLoginAccountSuccessfullyTue_Jun_23_18_22_22_BST_2020.jpg>Screenshot</a> <br> <img src=.\screenshots\C:\Users\LENSES UK\IdeaProjects\master\cloned project\argos-testNG-RM/test-output/html/verifyUserShouldLoginAccountSuccessfullyTue_Jun_23_18_22_22_BST_2020.jpg /> <br> <br> <br> <a target = "_blank" href=C:\Users\LENSES UK\IdeaProjects\master\cloned project\argos-testNG-RM/test-output/html/verifyUserShouldLoginAccountSuccessfullyTue_Jun_23_18_22_22_BST_2020.jpg><img src=C:\Users\LENSES UK\IdeaProjects\master\cloned project\argos-testNG-RM/test-output/html/verifyUserShouldLoginAccountSuccessfullyTue_Jun_23_18_22_22_BST_2020.jpg height=200 width=200></img></a>  </system-out>
</testsuite> <!-- com.argos.testsuite.LoginTest -->
